FaceStars/build/outputs/logs/manifest-merger-arm7-debug-report.txt
-- Merging decision tree log ---
manifest
ADDED from myApps/FaceStars/AndroidManifest.xml:2:1-28:12
	package
		ADDED from myApps/FaceStars/AndroidManifest.xml:3:5-42
	android:versionName
		INJECTED from myApps/FaceStars/AndroidManifest.xml
		INJECTED from myApps/FaceStars/AndroidManifest.xml
	xmlns:android
		ADDED from myApps/FaceStars/AndroidManifest.xml:2:11-69
	android:versionCode
		INJECTED from myApps/FaceStars/AndroidManifest.xml
		INJECTED from myApps/FaceStars/AndroidManifest.xml
	android:installLocation
		ADDED from myApps/FaceStars/AndroidManifest.xml:4:5-45
uses-permission#android.permission.CAMERA
ADDED from myApps/FaceStars/AndroidManifest.xml:7:5-64
	android:name
		ADDED from myApps/FaceStars/AndroidManifest.xml:7:22-62
application
ADDED from myApps/FaceStars/AndroidManifest.xml:10:5-26:19
MERGED from [com.android.support:support-v4:25.3.1] AndroidManifest.xml:29:5-20
MERGED from [com.android.support:support-fragment:25.3.1] AndroidManifest.xml:29:5-20
MERGED from [com.android.support:support-media-compat:25.3.1] AndroidManifest.xml:29:5-20
MERGED from [com.android.support:support-core-ui:25.3.1] AndroidManifest.xml:29:5-20
MERGED from [com.android.support:support-core-utils:25.3.1] AndroidManifest.xml:29:5-20
MERGED from [com.android.support:support-compat:25.3.1] AndroidManifest.xml:29:5-20
	android:label
		ADDED from myApps/FaceStars/AndroidManifest.xml:13:9-41
	android:allowBackup
		ADDED from myApps/FaceStars/AndroidManifest.xml:11:9-35
	android:icon
		ADDED from myApps/FaceStars/AndroidManifest.xml:12:9-45
	android:theme
		ADDED from myApps/FaceStars/AndroidManifest.xml:14:9-40
activity#cc.openframeworks.FaceStars.OFActivity
ADDED from myApps/FaceStars/AndroidManifest.xml:18:9-25:20
	android:label
		ADDED from myApps/FaceStars/AndroidManifest.xml:20:13-45
	android:configChanges
		ADDED from myApps/FaceStars/AndroidManifest.xml:20:47-93
	android:name
		ADDED from myApps/FaceStars/AndroidManifest.xml:19:13-66
intent-filter#android.intent.action.MAIN+android.intent.category.LAUNCHER
ADDED from myApps/FaceStars/AndroidManifest.xml:21:13-24:29
action#android.intent.action.MAIN
ADDED from myApps/FaceStars/AndroidManifest.xml:22:17-69
	android:name
		ADDED from myApps/FaceStars/AndroidManifest.xml:22:25-66
category#android.intent.category.LAUNCHER
ADDED from myApps/FaceStars/AndroidManifest.xml:23:17-77
	android:name
		ADDED from myApps/FaceStars/AndroidManifest.xml:23:27-74
uses-sdk
INJECTED from myApps/FaceStars/AndroidManifest.xml reason: use-sdk injection requested
MERGED from [FaceStars:ofAndroidLib:unspecified] AndroidManifest.xml:7:5-9:41
MERGED from [com.android.support:support-v4:25.3.1] AndroidManifest.xml:21:5-23:54
MERGED from [com.android.support:support-fragment:25.3.1] AndroidManifest.xml:21:5-23:60
MERGED from [com.android.support:support-media-compat:25.3.1] AndroidManifest.xml:21:5-23:63
MERGED from [com.android.support:support-core-ui:25.3.1] AndroidManifest.xml:21:5-23:58
MERGED from [com.android.support:support-core-utils:25.3.1] AndroidManifest.xml:21:5-23:61
MERGED from [com.android.support:support-compat:25.3.1] AndroidManifest.xml:21:5-23:58
	tools:overrideLibrary
		ADDED from [com.android.support:support-v4:25.3.1] AndroidManifest.xml:23:9-51
	android:targetSdkVersion
		INJECTED from myApps/FaceStars/AndroidManifest.xml
		INJECTED from myApps/FaceStars/AndroidManifest.xml
	android:minSdkVersion
		INJECTED from myApps/FaceStars/AndroidManifest.xml
		INJECTED from myApps/FaceStars/AndroidManifest.xml
uses-permission#android.permission.WRITE_EXTERNAL_STORAGE
ADDED from [FaceStars:ofAndroidLib:unspecified] AndroidManifest.xml:11:5-81
	android:name
		ADDED from [FaceStars:ofAndroidLib:unspecified] AndroidManifest.xml:11:22-78
meta-data#android.support.VERSION
ADDED from [com.android.support:support-v4:25.3.1] AndroidManifest.xml:25:5-27:34
MERGED from [com.android.support:support-fragment:25.3.1] AndroidManifest.xml:25:5-27:34
MERGED from [com.android.support:support-media-compat:25.3.1] AndroidManifest.xml:25:5-27:34
MERGED from [com.android.support:support-core-ui:25.3.1] AndroidManifest.xml:25:5-27:34
MERGED from [com.android.support:support-core-utils:25.3.1] AndroidManifest.xml:25:5-27:34
MERGED from [com.android.support:support-compat:25.3.1] AndroidManifest.xml:25:5-27:34
	android:value
		ADDED from [com.android.support:support-v4:25.3.1] AndroidManifest.xml:27:9-31
	android:name
		ADDED from [com.android.support:support-v4:25.3.1] AndroidManifest.xml:26:9-47